<?xml version="1.0" encoding="UTF-8"?>
<testng-results skipped="0" failed="1" total="1" passed="0">
  <reporter-output>
  </reporter-output>
  <suite name="Suite" duration-ms="148127" started-at="2017-12-20T13:30:25Z" finished-at="2017-12-20T13:32:53Z">
    <groups>
    </groups>
    <test name="Test" duration-ms="148127" started-at="2017-12-20T13:30:25Z" finished-at="2017-12-20T13:32:53Z">
      <class name="com.nvidia.testscripts.TC001_VerifyAddcartTest">
        <test-method status="PASS" signature="setUp()[pri:0, instance:com.nvidia.testscripts.TC001_VerifyAddcartTest@6a41eaa2]" name="setUp" is-config="true" duration-ms="20072" started-at="2017-12-20T19:00:25Z" finished-at="2017-12-20T19:00:45Z">
          <reporter-output>
          </reporter-output>
        </test-method> <!-- setUp -->
        <test-method status="FAIL" signature="verifyLoginWithCreadentials()[pri:0, instance:com.nvidia.testscripts.TC001_VerifyAddcartTest@6a41eaa2]" name="verifyLoginWithCreadentials" duration-ms="128032" started-at="2017-12-20T19:00:45Z" finished-at="2017-12-20T19:02:53Z">
          <exception class="java.lang.AssertionError">
            <message>
              <![CDATA[expected [Checkoutpage title PayPal Checkout - Create a PayPal account!] but found [PayPal Checkout - Create a PayPal account!]]]>
            </message>
            <full-stacktrace>
              <![CDATA[java.lang.AssertionError: expected [Checkoutpage title PayPal Checkout - Create a PayPal account!] but found [PayPal Checkout - Create a PayPal account!]
	at org.testng.Assert.fail(Assert.java:94)
	at org.testng.Assert.failNotEquals(Assert.java:494)
	at org.testng.Assert.assertEquals(Assert.java:123)
	at org.testng.Assert.assertEquals(Assert.java:176)
	at org.testng.Assert.assertEquals(Assert.java:186)
	at com.nvidia.testscripts.TC001_VerifyAddcartTest.verifyLoginWithCreadentials(TC001_VerifyAddcartTest.java:33)
	at sun.reflect.NativeMethodAccessorImpl.invoke0(Native Method)
	at sun.reflect.NativeMethodAccessorImpl.invoke(NativeMethodAccessorImpl.java:62)
	at sun.reflect.DelegatingMethodAccessorImpl.invoke(DelegatingMethodAccessorImpl.java:43)
	at java.lang.reflect.Method.invoke(Method.java:498)
	at org.testng.internal.MethodInvocationHelper.invokeMethod(MethodInvocationHelper.java:80)
	at org.testng.internal.Invoker.invokeMethod(Invoker.java:714)
	at org.testng.internal.Invoker.invokeTestMethod(Invoker.java:901)
	at org.testng.internal.Invoker.invokeTestMethods(Invoker.java:1231)
	at org.testng.internal.TestMethodWorker.invokeTestMethods(TestMethodWorker.java:127)
	at org.testng.internal.TestMethodWorker.run(TestMethodWorker.java:111)
	at org.testng.TestRunner.privateRun(TestRunner.java:767)
	at org.testng.TestRunner.run(TestRunner.java:617)
	at org.testng.SuiteRunner.runTest(SuiteRunner.java:334)
	at org.testng.SuiteRunner.runSequentially(SuiteRunner.java:329)
	at org.testng.SuiteRunner.privateRun(SuiteRunner.java:291)
	at org.testng.SuiteRunner.run(SuiteRunner.java:240)
	at org.testng.SuiteRunnerWorker.runSuite(SuiteRunnerWorker.java:52)
	at org.testng.SuiteRunnerWorker.run(SuiteRunnerWorker.java:86)
	at org.testng.TestNG.runSuitesSequentially(TestNG.java:1198)
	at org.testng.TestNG.runSuitesLocally(TestNG.java:1123)
	at org.testng.TestNG.run(TestNG.java:1031)
	at org.testng.remote.AbstractRemoteTestNG.run(AbstractRemoteTestNG.java:132)
	at org.testng.remote.RemoteTestNG.initAndRun(RemoteTestNG.java:230)
	at org.testng.remote.RemoteTestNG.main(RemoteTestNG.java:76)
]]>
            </full-stacktrace>
          </exception> <!-- java.lang.AssertionError -->
          <reporter-output>
          </reporter-output>
        </test-method> <!-- verifyLoginWithCreadentials -->
        <test-method status="PASS" signature="closeDriver()[pri:0, instance:com.nvidia.testscripts.TC001_VerifyAddcartTest@6a41eaa2]" name="closeDriver" is-config="true" duration-ms="9" started-at="2017-12-20T19:02:53Z" finished-at="2017-12-20T19:02:53Z">
          <reporter-output>
          </reporter-output>
        </test-method> <!-- closeDriver -->
      </class> <!-- com.nvidia.testscripts.TC001_VerifyAddcartTest -->
    </test> <!-- Test -->
  </suite> <!-- Suite -->
</testng-results>
